<?xml version="1.0" encoding="UTF-8"?>
<!-- Generated by org.testng.reporters.JUnitReportReporter -->
<testsuite hostname="ACP" failures="0" tests="2" name="automatizacionapi.logueo" time="1.883" errors="0" timestamp="2023-05-26T20:41:22 PET" skipped="0">
  <testcase classname="automatizacionapi.logueo" name="loguinsucc" time="1.698"/>
  <system-out/>
  <testcase classname="automatizacionapi.logueo" name="getusuariosimple" time="0.185"/>
  <system-out/>
</testsuite> <!-- automatizacionapi.logueo -->
