<?xml version="1.0" encoding="UTF-8"?>
<!-- Generated by org.testng.reporters.JUnitReportReporter -->
<testsuite hostname="ACP" failures="0" tests="6" name="automatizacionapi.flujoprueba" time="3.177" errors="0" timestamp="2023-05-26T20:52:10 PET" skipped="0">
  <testcase classname="automatizacionapi.flujoprueba" name="creaUser" time="1.490"/>
  <system-out/>
  <testcase classname="automatizacionapi.flujoprueba" name="consultaUser" time="0.103"/>
  <system-out/>
  <testcase classname="automatizacionapi.flujoprueba" name="actualizaPUT" time="0.530"/>
  <system-out/>
  <testcase classname="automatizacionapi.flujoprueba" name="actualizaPATCH" time="0.462"/>
  <system-out/>
  <testcase classname="automatizacionapi.flujoprueba" name="ejecutaDelete" time="0.463"/>
  <system-out/>
  <testcase classname="automatizacionapi.flujoprueba" name="consultaUserdeleteado" time="0.129"/>
  <system-out/>
</testsuite> <!-- automatizacionapi.flujoprueba -->
