<?xml version="1.0" encoding="UTF-8"?>
<!-- Generated by org.testng.reporters.JUnitReportReporter -->
<testsuite hostname="ACP" failures="0" tests="6" name="automatizacionapi.create" time="3.335" errors="0" timestamp="2023-05-26T20:39:00 PET" skipped="0">
  <testcase classname="automatizacionapi.create" name="creaUser" time="1.560"/>
  <system-out/>
  <testcase classname="automatizacionapi.create" name="consultaUser" time="0.186"/>
  <system-out/>
  <testcase classname="automatizacionapi.create" name="actualizaPUT" time="0.504"/>
  <system-out/>
  <testcase classname="automatizacionapi.create" name="actualizaPATCH" time="0.455"/>
  <system-out/>
  <testcase classname="automatizacionapi.create" name="ejecutaDelete" time="0.501"/>
  <system-out/>
  <testcase classname="automatizacionapi.create" name="consultaUserdeleteado" time="0.129"/>
  <system-out/>
</testsuite> <!-- automatizacionapi.create -->
